PID 2093649 started 2026-07-14T18:54:10-05:00
=== TRAIN seed 123 start 2026-07-14T18:54:10-05:00 ===
Device: cuda:0
GPU: NVIDIA GeForce RTX 5060 Ti
Seed: 123
======================================================================

--- RealCapsuleLargeL1 ---
  Epoch 1/20 | train=81.1% | test=92.3% | loss=1.0453 | 22.9s
  Epoch 2/20 | train=94.4% | test=94.5% | loss=0.6529 | 20.6s
  Epoch 3/20 | train=96.7% | test=95.5% | loss=0.5810 | 21.0s
  Epoch 4/20 | train=98.1% | test=95.7% | loss=0.5425 | 20.7s
  Epoch 5/20 | train=98.9% | test=95.6% | loss=0.5138 | 21.0s
  Epoch 6/20 | train=99.3% | test=96.0% | loss=0.4959 | 20.8s
  Epoch 7/20 | train=99.6% | test=95.8% | loss=0.4805 | 21.2s
  Epoch 8/20 | train=99.7% | test=96.0% | loss=0.4700 | 21.5s
  Epoch 9/20 | train=99.8% | test=95.9% | loss=0.4627 | 21.1s
  Epoch 10/20 | train=99.8% | test=95.5% | loss=0.4605 | 22.0s
  Epoch 11/20 | train=99.9% | test=95.8% | loss=0.4563 | 21.5s
  Epoch 12/20 | train=99.9% | test=95.9% | loss=0.4530 | 22.0s
  Epoch 13/20 | train=99.9% | test=95.6% | loss=0.4521 | 21.8s
  Epoch 14/20 | train=99.9% | test=95.9% | loss=0.4499 | 22.2s
  Epoch 15/20 | train=99.9% | test=96.0% | loss=0.4456 | 22.0s
  Epoch 16/20 | train=99.9% | test=95.7% | loss=0.4427 | 21.8s
  Epoch 17/20 | train=99.3% | test=95.3% | loss=0.4867 | 21.3s
  Epoch 18/20 | train=99.9% | test=96.1% | loss=0.4516 | 21.6s
  Epoch 19/20 | train=100.0% | test=96.1% | loss=0.4418 | 21.8s
  Epoch 20/20 | train=100.0% | test=96.1% | loss=0.4395 | 22.2s

--- RealCapsuleControlV2 ---
  Epoch 1/20 | train=79.5% | test=92.0% | loss=1.1068 | 21.3s
  Epoch 2/20 | train=94.3% | test=94.7% | loss=0.6696 | 21.8s
  Epoch 3/20 | train=96.7% | test=95.7% | loss=0.5884 | 21.2s
  Epoch 4/20 | train=98.0% | test=95.4% | loss=0.5493 | 21.9s
  Epoch 5/20 | train=98.8% | test=96.1% | loss=0.5197 | 21.8s
  Epoch 6/20 | train=99.3% | test=96.2% | loss=0.4975 | 21.7s
  Epoch 7/20 | train=99.6% | test=96.3% | loss=0.4836 | 21.5s
  Epoch 8/20 | train=99.7% | test=96.3% | loss=0.4725 | 21.3s
  Epoch 9/20 | train=99.8% | test=96.6% | loss=0.4643 | 21.5s
  Epoch 10/20 | train=99.8% | test=96.2% | loss=0.4589 | 20.9s
  Epoch 11/20 | train=99.9% | test=96.3% | loss=0.4541 | 20.8s
  Epoch 12/20 | train=99.9% | test=96.1% | loss=0.4501 | 20.6s
  Epoch 13/20 | train=99.9% | test=96.2% | loss=0.4477 | 20.8s
  Epoch 14/20 | train=99.9% | test=96.3% | loss=0.4468 | 20.6s
  Epoch 15/20 | train=99.7% | test=92.2% | loss=0.4589 | 21.2s
  Epoch 16/20 | train=99.7% | test=96.3% | loss=0.4691 | 20.3s
  Epoch 17/20 | train=99.9% | test=96.6% | loss=0.4428 | 20.3s
  Epoch 18/20 | train=99.9% | test=96.5% | loss=0.4398 | 20.0s
  Epoch 19/20 | train=99.9% | test=96.6% | loss=0.4383 | 20.3s
  Epoch 20/20 | train=99.9% | test=96.6% | loss=0.4372 | 20.3s

--- RealCapsuleControlV2Norm ---
  Epoch 1/20 | train=77.5% | test=91.1% | loss=1.7822 | 20.9s
  Epoch 2/20 | train=93.4% | test=94.0% | loss=1.5764 | 21.7s
  Epoch 3/20 | train=96.0% | test=95.4% | loss=1.5392 | 21.2s
  Epoch 4/20 | train=97.5% | test=95.3% | loss=1.5209 | 21.6s
  Epoch 5/20 | train=98.4% | test=96.1% | loss=1.5078 | 21.8s
  Epoch 6/20 | train=99.0% | test=96.0% | loss=1.4984 | 21.1s
  Epoch 7/20 | train=99.3% | test=95.9% | loss=1.4920 | 20.8s
  Epoch 8/20 | train=99.5% | test=96.1% | loss=1.4865 | 20.6s
  Epoch 9/20 | train=99.6% | test=96.4% | loss=1.4825 | 22.2s
  Epoch 10/20 | train=99.7% | test=96.2% | loss=1.4794 | 20.7s
  Epoch 11/20 | train=99.7% | test=96.1% | loss=1.4773 | 20.3s
  Epoch 12/20 | train=99.8% | test=96.4% | loss=1.4748 | 20.4s
  Epoch 13/20 | train=99.8% | test=96.2% | loss=1.4731 | 21.0s
  Epoch 14/20 | train=99.8% | test=96.3% | loss=1.4722 | 20.7s
  Epoch 15/20 | train=99.8% | test=96.0% | loss=1.4712 | 20.6s
  Epoch 16/20 | train=99.8% | test=95.9% | loss=1.4706 | 19.5s
  Epoch 17/20 | train=99.9% | test=95.8% | loss=1.4695 | 20.4s
  Epoch 18/20 | train=99.9% | test=96.0% | loss=1.4689 | 20.3s
  Epoch 19/20 | train=99.9% | test=96.0% | loss=1.4686 | 20.8s
  Epoch 20/20 | train=99.9% | test=96.1% | loss=1.4680 | 20.9s

Results saved under results/complex_mnist_affine_aug_mild_controls_20ep_seed123
=== EVAL seed 123 start 2026-07-14T19:15:36-05:00 ===

Affine scenario clean
  RealCapsuleLargeL1: acc=98.55% loss=0.4761
  RealCapsuleControlV2: acc=98.63% loss=0.4752
  RealCapsuleControlV2Norm: acc=98.73% loss=1.4870

Affine scenario translate4
  RealCapsuleLargeL1: acc=95.30% loss=0.5665
  RealCapsuleControlV2: acc=95.35% loss=0.5625
  RealCapsuleControlV2Norm: acc=95.04% loss=1.5321

Affine scenario translate8
  RealCapsuleLargeL1: acc=14.73% loss=2.6472
  RealCapsuleControlV2: acc=17.19% loss=2.7163
  RealCapsuleControlV2Norm: acc=16.85% loss=2.3070

Affine scenario scale085
  RealCapsuleLargeL1: acc=97.76% loss=0.4972
  RealCapsuleControlV2: acc=97.82% loss=0.5008
  RealCapsuleControlV2Norm: acc=97.88% loss=1.5015

Affine scenario scale115
  RealCapsuleLargeL1: acc=98.12% loss=0.4950
  RealCapsuleControlV2: acc=98.17% loss=0.4912
  RealCapsuleControlV2Norm: acc=98.26% loss=1.4933

Affine scenario shear15
  RealCapsuleLargeL1: acc=98.18% loss=0.4908
  RealCapsuleControlV2: acc=98.34% loss=0.4893
  RealCapsuleControlV2Norm: acc=98.36% loss=1.4936

Affine scenario affine_moderate
  RealCapsuleLargeL1: acc=88.12% loss=0.7399
  RealCapsuleControlV2: acc=89.38% loss=0.7344
  RealCapsuleControlV2Norm: acc=87.48% loss=1.6226

Affine scenario affine_strong
  RealCapsuleLargeL1: acc=23.30% loss=2.2834
  RealCapsuleControlV2: acc=23.65% loss=2.2812
  RealCapsuleControlV2Norm: acc=22.34% loss=2.1921

Random affine scenario random_translate sample 1
  RealCapsuleLargeL1: acc=88.09% loss=0.7275
  RealCapsuleControlV2: acc=87.84% loss=0.7487
  RealCapsuleControlV2Norm: acc=87.89% loss=1.6023

Random affine scenario random_translate sample 2
  RealCapsuleLargeL1: acc=87.79% loss=0.7354
  RealCapsuleControlV2: acc=86.98% loss=0.7571
  RealCapsuleControlV2Norm: acc=87.27% loss=1.6088

Random affine scenario random_translate sample 3
  RealCapsuleLargeL1: acc=88.04% loss=0.7309
  RealCapsuleControlV2: acc=87.37% loss=0.7515
  RealCapsuleControlV2Norm: acc=87.53% loss=1.6054

Random affine scenario random_translate sample 4
  RealCapsuleLargeL1: acc=88.34% loss=0.7218
  RealCapsuleControlV2: acc=87.24% loss=0.7461
  RealCapsuleControlV2Norm: acc=88.16% loss=1.6008

Random affine scenario random_translate sample 5
  RealCapsuleLargeL1: acc=88.23% loss=0.7254
  RealCapsuleControlV2: acc=87.35% loss=0.7450
  RealCapsuleControlV2Norm: acc=88.23% loss=1.6031

Random affine scenario random_translate_scale sample 1
  RealCapsuleLargeL1: acc=94.76% loss=0.5720
  RealCapsuleControlV2: acc=94.79% loss=0.5725
  RealCapsuleControlV2Norm: acc=94.57% loss=1.5345

Random affine scenario random_translate_scale sample 2
  RealCapsuleLargeL1: acc=94.83% loss=0.5737
  RealCapsuleControlV2: acc=94.66% loss=0.5781
  RealCapsuleControlV2Norm: acc=94.44% loss=1.5365

Random affine scenario random_translate_scale sample 3
  RealCapsuleLargeL1: acc=94.77% loss=0.5727
  RealCapsuleControlV2: acc=94.61% loss=0.5792
  RealCapsuleControlV2Norm: acc=94.75% loss=1.5334

Random affine scenario random_translate_scale sample 4
  RealCapsuleLargeL1: acc=95.05% loss=0.5679
  RealCapsuleControlV2: acc=94.68% loss=0.5752
  RealCapsuleControlV2Norm: acc=94.75% loss=1.5336

Random affine scenario random_translate_scale sample 5
  RealCapsuleLargeL1: acc=95.07% loss=0.5692
  RealCapsuleControlV2: acc=94.92% loss=0.5730
  RealCapsuleControlV2Norm: acc=94.75% loss=1.5351

Random affine scenario random_affine_mild sample 1
  RealCapsuleLargeL1: acc=96.38% loss=0.5344
  RealCapsuleControlV2: acc=96.57% loss=0.5331
  RealCapsuleControlV2Norm: acc=96.46% loss=1.5149

Random affine scenario random_affine_mild sample 2
  RealCapsuleLargeL1: acc=96.36% loss=0.5357
  RealCapsuleControlV2: acc=96.63% loss=0.5327
  RealCapsuleControlV2Norm: acc=96.61% loss=1.5151

Random affine scenario random_affine_mild sample 3
  RealCapsuleLargeL1: acc=96.40% loss=0.5349
  RealCapsuleControlV2: acc=96.57% loss=0.5312
  RealCapsuleControlV2Norm: acc=96.47% loss=1.5158

Random affine scenario random_affine_mild sample 4
  RealCapsuleLargeL1: acc=96.34% loss=0.5310
  RealCapsuleControlV2: acc=96.48% loss=0.5307
  RealCapsuleControlV2Norm: acc=96.38% loss=1.5148

Random affine scenario random_affine_mild sample 5
  RealCapsuleLargeL1: acc=96.71% loss=0.5293
  RealCapsuleControlV2: acc=96.99% loss=0.5261
  RealCapsuleControlV2Norm: acc=96.61% loss=1.5138

Random affine scenario random_affine_strong sample 1
  RealCapsuleLargeL1: acc=77.10% loss=0.9882
  RealCapsuleControlV2: acc=76.87% loss=1.0060
  RealCapsuleControlV2Norm: acc=77.16% loss=1.7107

Random affine scenario random_affine_strong sample 2
  RealCapsuleLargeL1: acc=77.35% loss=0.9852
  RealCapsuleControlV2: acc=76.56% loss=1.0024
  RealCapsuleControlV2Norm: acc=77.04% loss=1.7105

Random affine scenario random_affine_strong sample 3
  RealCapsuleLargeL1: acc=77.44% loss=0.9765
  RealCapsuleControlV2: acc=77.67% loss=0.9861
  RealCapsuleControlV2Norm: acc=77.64% loss=1.7071

Random affine scenario random_affine_strong sample 4
  RealCapsuleLargeL1: acc=77.43% loss=0.9789
  RealCapsuleControlV2: acc=77.32% loss=0.9942
  RealCapsuleControlV2Norm: acc=77.54% loss=1.7106

Random affine scenario random_affine_strong sample 5
  RealCapsuleLargeL1: acc=77.91% loss=0.9712
  RealCapsuleControlV2: acc=77.26% loss=0.9878
  RealCapsuleControlV2Norm: acc=77.84% loss=1.7077

Random affine scenario heldout_affine_left_zoom sample 1
  RealCapsuleLargeL1: acc=38.88% loss=1.8981
  RealCapsuleControlV2: acc=39.53% loss=1.8924
  RealCapsuleControlV2Norm: acc=40.20% loss=2.0629

Random affine scenario heldout_affine_left_zoom sample 2
  RealCapsuleLargeL1: acc=37.94% loss=1.9166
  RealCapsuleControlV2: acc=38.76% loss=1.9121
  RealCapsuleControlV2Norm: acc=38.99% loss=2.0701

Random affine scenario heldout_affine_left_zoom sample 3
  RealCapsuleLargeL1: acc=38.84% loss=1.9001
  RealCapsuleControlV2: acc=39.24% loss=1.9072
  RealCapsuleControlV2Norm: acc=39.95% loss=2.0699

Random affine scenario heldout_affine_left_zoom sample 4
  RealCapsuleLargeL1: acc=39.21% loss=1.8876
  RealCapsuleControlV2: acc=39.48% loss=1.8973
  RealCapsuleControlV2Norm: acc=39.50% loss=2.0693

Random affine scenario heldout_affine_left_zoom sample 5
  RealCapsuleLargeL1: acc=38.48% loss=1.9062
  RealCapsuleControlV2: acc=38.73% loss=1.9107
  RealCapsuleControlV2Norm: acc=39.32% loss=2.0742

Random affine scenario heldout_affine_right_zoom sample 1
  RealCapsuleLargeL1: acc=46.94% loss=1.6955
  RealCapsuleControlV2: acc=47.69% loss=1.6762
  RealCapsuleControlV2Norm: acc=48.40% loss=1.9688

Random affine scenario heldout_affine_right_zoom sample 2
  RealCapsuleLargeL1: acc=46.37% loss=1.7057
  RealCapsuleControlV2: acc=47.53% loss=1.6840
  RealCapsuleControlV2Norm: acc=49.04% loss=1.9665

Random affine scenario heldout_affine_right_zoom sample 3
  RealCapsuleLargeL1: acc=46.95% loss=1.6937
  RealCapsuleControlV2: acc=47.85% loss=1.6780
  RealCapsuleControlV2Norm: acc=48.68% loss=1.9678

Random affine scenario heldout_affine_right_zoom sample 4
  RealCapsuleLargeL1: acc=47.84% loss=1.6804
  RealCapsuleControlV2: acc=48.91% loss=1.6567
  RealCapsuleControlV2Norm: acc=49.31% loss=1.9608

Random affine scenario heldout_affine_right_zoom sample 5
  RealCapsuleLargeL1: acc=47.37% loss=1.6888
  RealCapsuleControlV2: acc=48.02% loss=1.6795
  RealCapsuleControlV2Norm: acc=49.11% loss=1.9658
=== seed 123 done 2026-07-14T19:17:16-05:00 ===
=== TRAIN seed 321 start 2026-07-14T19:17:16-05:00 ===
Device: cuda:0
GPU: NVIDIA GeForce RTX 5060 Ti
Seed: 321
======================================================================

--- RealCapsuleLargeL1 ---
  Epoch 1/20 | train=80.7% | test=90.9% | loss=1.0522 | 23.3s
  Epoch 2/20 | train=94.5% | test=95.2% | loss=0.6518 | 21.6s
  Epoch 3/20 | train=96.9% | test=95.5% | loss=0.5754 | 21.1s
  Epoch 4/20 | train=98.2% | test=95.8% | loss=0.5375 | 21.1s
  Epoch 5/20 | train=99.0% | test=96.2% | loss=0.5107 | 21.7s
  Epoch 6/20 | train=99.4% | test=96.0% | loss=0.4924 | 21.7s
  Epoch 7/20 | train=99.6% | test=96.1% | loss=0.4793 | 21.6s
  Epoch 8/20 | train=99.7% | test=96.3% | loss=0.4693 | 20.9s
  Epoch 9/20 | train=99.8% | test=96.3% | loss=0.4624 | 20.9s
  Epoch 10/20 | train=99.8% | test=96.2% | loss=0.4583 | 21.8s
  Epoch 11/20 | train=99.8% | test=95.7% | loss=0.4600 | 20.9s
  Epoch 12/20 | train=99.9% | test=96.0% | loss=0.4540 | 22.7s
  Epoch 13/20 | train=99.9% | test=95.5% | loss=0.4532 | 20.2s
  Epoch 14/20 | train=99.9% | test=96.1% | loss=0.4599 | 21.8s
  Epoch 15/20 | train=99.9% | test=96.2% | loss=0.4460 | 22.7s
  Epoch 16/20 | train=99.9% | test=96.3% | loss=0.4427 | 22.6s
  Epoch 17/20 | train=99.9% | test=96.1% | loss=0.4414 | 22.8s
  Epoch 18/20 | train=99.3% | test=95.5% | loss=0.4891 | 22.3s
  Epoch 19/20 | train=99.9% | test=96.2% | loss=0.4482 | 21.7s
  Epoch 20/20 | train=99.9% | test=96.4% | loss=0.4415 | 22.2s

--- RealCapsuleControlV2 ---
  Epoch 1/20 | train=80.7% | test=92.0% | loss=1.0833 | 21.2s
  Epoch 2/20 | train=94.2% | test=94.3% | loss=0.6652 | 20.1s
  Epoch 3/20 | train=96.5% | test=95.5% | loss=0.5892 | 20.5s
  Epoch 4/20 | train=97.9% | test=95.9% | loss=0.5456 | 21.1s
  Epoch 5/20 | train=98.7% | test=95.9% | loss=0.5193 | 20.8s
  Epoch 6/20 | train=99.2% | test=96.2% | loss=0.4989 | 20.8s
  Epoch 7/20 | train=99.5% | test=96.2% | loss=0.4831 | 20.4s
  Epoch 8/20 | train=99.7% | test=96.2% | loss=0.4739 | 20.2s
  Epoch 9/20 | train=99.7% | test=96.3% | loss=0.4662 | 20.1s
  Epoch 10/20 | train=99.8% | test=96.6% | loss=0.4586 | 19.7s
  Epoch 11/20 | train=99.8% | test=96.5% | loss=0.4534 | 20.2s
  Epoch 12/20 | train=99.9% | test=96.5% | loss=0.4506 | 20.3s
  Epoch 13/20 | train=99.9% | test=96.2% | loss=0.4484 | 20.3s
  Epoch 14/20 | train=99.9% | test=96.5% | loss=0.4482 | 20.4s
  Epoch 15/20 | train=99.9% | test=96.2% | loss=0.4469 | 20.6s
  Epoch 16/20 | train=99.9% | test=96.5% | loss=0.4431 | 20.1s
  Epoch 17/20 | train=99.9% | test=96.5% | loss=0.4400 | 20.0s
  Epoch 18/20 | train=99.4% | test=95.7% | loss=0.4743 | 20.1s
  Epoch 19/20 | train=99.9% | test=96.7% | loss=0.4479 | 19.9s
  Epoch 20/20 | train=99.9% | test=96.6% | loss=0.4393 | 20.5s

--- RealCapsuleControlV2Norm ---
  Epoch 1/20 | train=78.3% | test=91.5% | loss=1.7773 | 20.4s
  Epoch 2/20 | train=93.7% | test=94.9% | loss=1.5733 | 20.3s
  Epoch 3/20 | train=96.3% | test=95.7% | loss=1.5366 | 20.1s
  Epoch 4/20 | train=97.6% | test=96.0% | loss=1.5187 | 20.1s
  Epoch 5/20 | train=98.4% | test=96.4% | loss=1.5063 | 20.1s
  Epoch 6/20 | train=98.9% | test=96.3% | loss=1.4984 | 19.8s
  Epoch 7/20 | train=99.2% | test=96.6% | loss=1.4909 | 20.0s
  Epoch 8/20 | train=99.4% | test=96.6% | loss=1.4859 | 20.2s
  Epoch 9/20 | train=99.5% | test=96.2% | loss=1.4825 | 20.3s
  Epoch 10/20 | train=99.6% | test=96.5% | loss=1.4796 | 20.1s
  Epoch 11/20 | train=99.7% | test=96.6% | loss=1.4771 | 20.0s
  Epoch 12/20 | train=99.7% | test=96.5% | loss=1.4752 | 20.1s
  Epoch 13/20 | train=99.7% | test=96.6% | loss=1.4738 | 19.0s
  Epoch 14/20 | train=99.8% | test=96.5% | loss=1.4727 | 18.6s
  Epoch 15/20 | train=99.8% | test=96.1% | loss=1.4713 | 18.7s
  Epoch 16/20 | train=99.8% | test=96.1% | loss=1.4715 | 19.6s
  Epoch 17/20 | train=99.8% | test=96.5% | loss=1.4702 | 20.0s
  Epoch 18/20 | train=99.8% | test=96.4% | loss=1.4687 | 20.1s
  Epoch 19/20 | train=99.8% | test=96.4% | loss=1.4683 | 20.2s
  Epoch 20/20 | train=99.8% | test=96.3% | loss=1.4686 | 20.2s

Results saved under results/complex_mnist_affine_aug_mild_controls_20ep_seed321
=== EVAL seed 321 start 2026-07-14T19:38:14-05:00 ===

Affine scenario clean
  RealCapsuleLargeL1: acc=98.66% loss=0.4740
  RealCapsuleControlV2: acc=98.82% loss=0.4702
  RealCapsuleControlV2Norm: acc=98.57% loss=1.4879

Affine scenario translate4
  RealCapsuleLargeL1: acc=94.90% loss=0.5760
  RealCapsuleControlV2: acc=94.71% loss=0.5793
  RealCapsuleControlV2Norm: acc=95.15% loss=1.5293

Affine scenario translate8
  RealCapsuleLargeL1: acc=13.87% loss=2.7505
  RealCapsuleControlV2: acc=16.29% loss=2.7081
  RealCapsuleControlV2Norm: acc=14.05% loss=2.3127

Affine scenario scale085
  RealCapsuleLargeL1: acc=97.58% loss=0.5028
  RealCapsuleControlV2: acc=97.79% loss=0.5029
  RealCapsuleControlV2Norm: acc=97.75% loss=1.5008

Affine scenario scale115
  RealCapsuleLargeL1: acc=98.23% loss=0.4887
  RealCapsuleControlV2: acc=98.34% loss=0.4880
  RealCapsuleControlV2Norm: acc=98.07% loss=1.4967

Affine scenario shear15
  RealCapsuleLargeL1: acc=98.25% loss=0.4888
  RealCapsuleControlV2: acc=98.38% loss=0.4835
  RealCapsuleControlV2Norm: acc=98.08% loss=1.4957

Affine scenario affine_moderate
  RealCapsuleLargeL1: acc=85.72% loss=0.8068
  RealCapsuleControlV2: acc=86.68% loss=0.8108
  RealCapsuleControlV2Norm: acc=87.22% loss=1.6269

Affine scenario affine_strong
  RealCapsuleLargeL1: acc=21.51% loss=2.3504
  RealCapsuleControlV2: acc=21.28% loss=2.3253
  RealCapsuleControlV2Norm: acc=21.68% loss=2.2190

Random affine scenario random_translate sample 1
  RealCapsuleLargeL1: acc=86.80% loss=0.7577
  RealCapsuleControlV2: acc=87.09% loss=0.7600
  RealCapsuleControlV2Norm: acc=87.72% loss=1.6022

Random affine scenario random_translate sample 2
  RealCapsuleLargeL1: acc=87.06% loss=0.7560
  RealCapsuleControlV2: acc=87.48% loss=0.7550
  RealCapsuleControlV2Norm: acc=87.86% loss=1.5986

Random affine scenario random_translate sample 3
  RealCapsuleLargeL1: acc=86.97% loss=0.7638
  RealCapsuleControlV2: acc=87.11% loss=0.7610
  RealCapsuleControlV2Norm: acc=88.00% loss=1.6013

Random affine scenario random_translate sample 4
  RealCapsuleLargeL1: acc=87.15% loss=0.7545
  RealCapsuleControlV2: acc=87.22% loss=0.7523
  RealCapsuleControlV2Norm: acc=88.52% loss=1.5959

Random affine scenario random_translate sample 5
  RealCapsuleLargeL1: acc=86.72% loss=0.7631
  RealCapsuleControlV2: acc=87.26% loss=0.7609
  RealCapsuleControlV2Norm: acc=87.99% loss=1.6010

Random affine scenario random_translate_scale sample 1
  RealCapsuleLargeL1: acc=94.41% loss=0.5880
  RealCapsuleControlV2: acc=94.75% loss=0.5852
  RealCapsuleControlV2Norm: acc=94.82% loss=1.5332

Random affine scenario random_translate_scale sample 2
  RealCapsuleLargeL1: acc=94.78% loss=0.5769
  RealCapsuleControlV2: acc=94.96% loss=0.5758
  RealCapsuleControlV2Norm: acc=95.08% loss=1.5306

Random affine scenario random_translate_scale sample 3
  RealCapsuleLargeL1: acc=94.45% loss=0.5822
  RealCapsuleControlV2: acc=94.90% loss=0.5769
  RealCapsuleControlV2Norm: acc=95.07% loss=1.5305

Random affine scenario random_translate_scale sample 4
  RealCapsuleLargeL1: acc=94.26% loss=0.5877
  RealCapsuleControlV2: acc=94.46% loss=0.5841
  RealCapsuleControlV2Norm: acc=94.72% loss=1.5330

Random affine scenario random_translate_scale sample 5
  RealCapsuleLargeL1: acc=94.45% loss=0.5855
  RealCapsuleControlV2: acc=94.80% loss=0.5792
  RealCapsuleControlV2Norm: acc=94.77% loss=1.5331

Random affine scenario random_affine_mild sample 1
  RealCapsuleLargeL1: acc=96.00% loss=0.5434
  RealCapsuleControlV2: acc=96.46% loss=0.5346
  RealCapsuleControlV2Norm: acc=96.47% loss=1.5155

Random affine scenario random_affine_mild sample 2
  RealCapsuleLargeL1: acc=96.31% loss=0.5359
  RealCapsuleControlV2: acc=96.67% loss=0.5320
  RealCapsuleControlV2Norm: acc=96.33% loss=1.5157

Random affine scenario random_affine_mild sample 3
  RealCapsuleLargeL1: acc=96.32% loss=0.5349
  RealCapsuleControlV2: acc=96.56% loss=0.5313
  RealCapsuleControlV2Norm: acc=96.45% loss=1.5133

Random affine scenario random_affine_mild sample 4
  RealCapsuleLargeL1: acc=96.38% loss=0.5374
  RealCapsuleControlV2: acc=96.33% loss=0.5349
  RealCapsuleControlV2Norm: acc=96.55% loss=1.5149

Random affine scenario random_affine_mild sample 5
  RealCapsuleLargeL1: acc=96.01% loss=0.5408
  RealCapsuleControlV2: acc=96.51% loss=0.5315
  RealCapsuleControlV2Norm: acc=96.55% loss=1.5144

Random affine scenario random_affine_strong sample 1
  RealCapsuleLargeL1: acc=75.49% loss=1.0326
  RealCapsuleControlV2: acc=76.72% loss=1.0120
  RealCapsuleControlV2Norm: acc=76.51% loss=1.7131

Random affine scenario random_affine_strong sample 2
  RealCapsuleLargeL1: acc=75.30% loss=1.0305
  RealCapsuleControlV2: acc=76.53% loss=1.0127
  RealCapsuleControlV2Norm: acc=77.33% loss=1.7103

Random affine scenario random_affine_strong sample 3
  RealCapsuleLargeL1: acc=75.70% loss=1.0240
  RealCapsuleControlV2: acc=77.07% loss=1.0062
  RealCapsuleControlV2Norm: acc=77.22% loss=1.7066

Random affine scenario random_affine_strong sample 4
  RealCapsuleLargeL1: acc=76.16% loss=1.0235
  RealCapsuleControlV2: acc=77.18% loss=1.0029
  RealCapsuleControlV2Norm: acc=77.57% loss=1.7059

Random affine scenario random_affine_strong sample 5
  RealCapsuleLargeL1: acc=75.90% loss=1.0250
  RealCapsuleControlV2: acc=77.01% loss=1.0094
  RealCapsuleControlV2Norm: acc=77.61% loss=1.7058

Random affine scenario heldout_affine_left_zoom sample 1
  RealCapsuleLargeL1: acc=38.66% loss=1.9331
  RealCapsuleControlV2: acc=39.73% loss=1.8829
  RealCapsuleControlV2Norm: acc=38.70% loss=2.0753

Random affine scenario heldout_affine_left_zoom sample 2
  RealCapsuleLargeL1: acc=38.80% loss=1.9237
  RealCapsuleControlV2: acc=39.79% loss=1.8839
  RealCapsuleControlV2Norm: acc=38.99% loss=2.0706

Random affine scenario heldout_affine_left_zoom sample 3
  RealCapsuleLargeL1: acc=38.93% loss=1.9177
  RealCapsuleControlV2: acc=40.66% loss=1.8719
  RealCapsuleControlV2Norm: acc=39.37% loss=2.0711

Random affine scenario heldout_affine_left_zoom sample 4
  RealCapsuleLargeL1: acc=38.82% loss=1.9258
  RealCapsuleControlV2: acc=39.95% loss=1.8801
  RealCapsuleControlV2Norm: acc=39.15% loss=2.0696

Random affine scenario heldout_affine_left_zoom sample 5
  RealCapsuleLargeL1: acc=38.85% loss=1.9264
  RealCapsuleControlV2: acc=39.84% loss=1.8743
  RealCapsuleControlV2Norm: acc=39.46% loss=2.0697

Random affine scenario heldout_affine_right_zoom sample 1
  RealCapsuleLargeL1: acc=44.69% loss=1.7548
  RealCapsuleControlV2: acc=47.17% loss=1.7158
  RealCapsuleControlV2Norm: acc=47.08% loss=1.9741

Random affine scenario heldout_affine_right_zoom sample 2
  RealCapsuleLargeL1: acc=45.52% loss=1.7536
  RealCapsuleControlV2: acc=47.06% loss=1.7197
  RealCapsuleControlV2Norm: acc=47.63% loss=1.9737

Random affine scenario heldout_affine_right_zoom sample 3
  RealCapsuleLargeL1: acc=44.69% loss=1.7656
  RealCapsuleControlV2: acc=46.50% loss=1.7258
  RealCapsuleControlV2Norm: acc=47.44% loss=1.9736

Random affine scenario heldout_affine_right_zoom sample 4
  RealCapsuleLargeL1: acc=45.02% loss=1.7564
  RealCapsuleControlV2: acc=46.71% loss=1.7214
  RealCapsuleControlV2Norm: acc=47.53% loss=1.9734

Random affine scenario heldout_affine_right_zoom sample 5
  RealCapsuleLargeL1: acc=44.62% loss=1.7686
  RealCapsuleControlV2: acc=46.72% loss=1.7271
  RealCapsuleControlV2Norm: acc=46.90% loss=1.9754
=== seed 321 done 2026-07-14T19:39:51-05:00 ===
=== TRAIN seed 777 start 2026-07-14T19:39:51-05:00 ===
Device: cuda:0
GPU: NVIDIA GeForce RTX 5060 Ti
Seed: 777
======================================================================

--- RealCapsuleLargeL1 ---
  Epoch 1/20 | train=80.7% | test=92.6% | loss=1.0517 | 21.9s
  Epoch 2/20 | train=94.3% | test=94.6% | loss=0.6541 | 20.8s
  Epoch 3/20 | train=96.5% | test=95.6% | loss=0.5831 | 20.8s
  Epoch 4/20 | train=98.0% | test=95.5% | loss=0.5398 | 20.7s
  Epoch 5/20 | train=98.8% | test=95.5% | loss=0.5136 | 20.9s
  Epoch 6/20 | train=99.3% | test=96.0% | loss=0.4935 | 21.3s
  Epoch 7/20 | train=99.6% | test=96.0% | loss=0.4800 | 20.6s
  Epoch 8/20 | train=99.7% | test=96.2% | loss=0.4694 | 19.9s
  Epoch 9/20 | train=99.8% | test=96.3% | loss=0.4620 | 20.4s
  Epoch 10/20 | train=99.9% | test=96.1% | loss=0.4575 | 20.4s
  Epoch 11/20 | train=99.9% | test=95.9% | loss=0.4543 | 20.6s
  Epoch 12/20 | train=99.9% | test=95.4% | loss=0.4553 | 20.6s
  Epoch 13/20 | train=99.6% | test=95.6% | loss=0.4823 | 20.5s
  Epoch 14/20 | train=99.9% | test=96.1% | loss=0.4521 | 20.0s
  Epoch 15/20 | train=99.9% | test=96.2% | loss=0.4454 | 20.1s
  Epoch 16/20 | train=99.9% | test=96.0% | loss=0.4430 | 20.1s
  Epoch 17/20 | train=99.9% | test=96.1% | loss=0.4418 | 20.4s
  Epoch 18/20 | train=99.8% | test=92.4% | loss=0.4522 | 20.6s
  Epoch 19/20 | train=99.6% | test=96.0% | loss=0.4774 | 20.3s
  Epoch 20/20 | train=99.9% | test=96.1% | loss=0.4438 | 20.6s

--- RealCapsuleControlV2 ---
  Epoch 1/20 | train=80.2% | test=92.0% | loss=1.0975 | 20.0s
  Epoch 2/20 | train=93.9% | test=94.6% | loss=0.6720 | 19.1s
  Epoch 3/20 | train=96.3% | test=95.4% | loss=0.5925 | 19.0s
  Epoch 4/20 | train=97.8% | test=95.8% | loss=0.5490 | 19.1s
  Epoch 5/20 | train=98.7% | test=96.0% | loss=0.5195 | 18.7s
  Epoch 6/20 | train=99.3% | test=96.3% | loss=0.4992 | 18.8s
  Epoch 7/20 | train=99.6% | test=96.3% | loss=0.4830 | 18.8s
  Epoch 8/20 | train=99.7% | test=96.4% | loss=0.4727 | 19.4s
  Epoch 9/20 | train=99.8% | test=96.4% | loss=0.4651 | 19.2s
  Epoch 10/20 | train=99.8% | test=96.5% | loss=0.4583 | 19.3s
  Epoch 11/20 | train=99.9% | test=96.3% | loss=0.4548 | 18.4s
  Epoch 12/20 | train=99.9% | test=96.2% | loss=0.4518 | 19.0s
  Epoch 13/20 | train=99.8% | test=94.3% | loss=0.4596 | 18.9s
  Epoch 14/20 | train=99.8% | test=96.5% | loss=0.4657 | 19.0s
  Epoch 15/20 | train=99.9% | test=96.5% | loss=0.4456 | 18.9s
  Epoch 16/20 | train=99.9% | test=96.4% | loss=0.4425 | 18.9s
  Epoch 17/20 | train=99.9% | test=96.3% | loss=0.4409 | 19.1s
  Epoch 18/20 | train=100.0% | test=96.1% | loss=0.4399 | 18.7s
  Epoch 19/20 | train=99.9% | test=94.1% | loss=0.4412 | 18.7s
  Epoch 20/20 | train=99.2% | test=96.2% | loss=0.4904 | 18.6s

--- RealCapsuleControlV2Norm ---
  Epoch 1/20 | train=77.8% | test=91.1% | loss=1.7749 | 18.1s
  Epoch 2/20 | train=93.5% | test=94.3% | loss=1.5744 | 18.1s
  Epoch 3/20 | train=96.1% | test=95.5% | loss=1.5394 | 18.4s
  Epoch 4/20 | train=97.5% | test=96.1% | loss=1.5208 | 18.9s
  Epoch 5/20 | train=98.4% | test=96.2% | loss=1.5083 | 18.6s
  Epoch 6/20 | train=98.9% | test=96.2% | loss=1.4993 | 18.7s
  Epoch 7/20 | train=99.2% | test=96.2% | loss=1.4930 | 18.7s
  Epoch 8/20 | train=99.4% | test=96.2% | loss=1.4880 | 19.2s
  Epoch 9/20 | train=99.6% | test=96.4% | loss=1.4835 | 18.9s
  Epoch 10/20 | train=99.6% | test=96.5% | loss=1.4800 | 18.9s
  Epoch 11/20 | train=99.7% | test=96.4% | loss=1.4783 | 18.3s
  Epoch 12/20 | train=99.7% | test=96.2% | loss=1.4760 | 18.3s
  Epoch 13/20 | train=99.8% | test=96.2% | loss=1.4741 | 18.5s
  Epoch 14/20 | train=99.8% | test=96.5% | loss=1.4729 | 18.7s
  Epoch 15/20 | train=99.8% | test=96.1% | loss=1.4721 | 18.9s
  Epoch 16/20 | train=99.8% | test=96.2% | loss=1.4713 | 18.8s
  Epoch 17/20 | train=99.8% | test=96.2% | loss=1.4708 | 18.6s
  Epoch 18/20 | train=99.8% | test=96.1% | loss=1.4695 | 18.5s
  Epoch 19/20 | train=99.9% | test=96.1% | loss=1.4693 | 18.8s
  Epoch 20/20 | train=99.7% | test=94.7% | loss=1.4781 | 18.9s

Results saved under results/complex_mnist_affine_aug_mild_controls_20ep_seed777
=== EVAL seed 777 start 2026-07-14T19:59:31-05:00 ===

Affine scenario clean
  RealCapsuleLargeL1: acc=98.38% loss=0.4894
  RealCapsuleControlV2: acc=98.64% loss=0.4739
  RealCapsuleControlV2Norm: acc=98.66% loss=1.4894

Affine scenario translate4
  RealCapsuleLargeL1: acc=94.01% loss=0.6014
  RealCapsuleControlV2: acc=94.48% loss=0.5803
  RealCapsuleControlV2Norm: acc=94.36% loss=1.5393

Affine scenario translate8
  RealCapsuleLargeL1: acc=14.74% loss=2.7123
  RealCapsuleControlV2: acc=14.09% loss=2.7458
  RealCapsuleControlV2Norm: acc=14.38% loss=2.3396

Affine scenario scale085
  RealCapsuleLargeL1: acc=97.23% loss=0.5222
  RealCapsuleControlV2: acc=97.46% loss=0.5049
  RealCapsuleControlV2Norm: acc=97.65% loss=1.5043

Affine scenario scale115
  RealCapsuleLargeL1: acc=98.08% loss=0.5048
  RealCapsuleControlV2: acc=98.35% loss=0.4869
  RealCapsuleControlV2Norm: acc=98.32% loss=1.4976

Affine scenario shear15
  RealCapsuleLargeL1: acc=98.02% loss=0.5019
  RealCapsuleControlV2: acc=98.28% loss=0.4860
  RealCapsuleControlV2Norm: acc=98.35% loss=1.4946

Affine scenario affine_moderate
  RealCapsuleLargeL1: acc=85.16% loss=0.8320
  RealCapsuleControlV2: acc=85.49% loss=0.8151
  RealCapsuleControlV2Norm: acc=85.23% loss=1.6428

Affine scenario affine_strong
  RealCapsuleLargeL1: acc=23.28% loss=2.3573
  RealCapsuleControlV2: acc=24.12% loss=2.3490
  RealCapsuleControlV2Norm: acc=22.92% loss=2.2077

Random affine scenario random_translate sample 1
  RealCapsuleLargeL1: acc=87.01% loss=0.7626
  RealCapsuleControlV2: acc=87.28% loss=0.7467
  RealCapsuleControlV2Norm: acc=87.51% loss=1.6030

Random affine scenario random_translate sample 2
  RealCapsuleLargeL1: acc=87.51% loss=0.7540
  RealCapsuleControlV2: acc=87.57% loss=0.7417
  RealCapsuleControlV2Norm: acc=88.34% loss=1.6007

Random affine scenario random_translate sample 3
  RealCapsuleLargeL1: acc=87.10% loss=0.7602
  RealCapsuleControlV2: acc=87.33% loss=0.7450
  RealCapsuleControlV2Norm: acc=87.50% loss=1.6034

Random affine scenario random_translate sample 4
  RealCapsuleLargeL1: acc=87.27% loss=0.7617
  RealCapsuleControlV2: acc=87.45% loss=0.7499
  RealCapsuleControlV2Norm: acc=87.22% loss=1.6072

Random affine scenario random_translate sample 5
  RealCapsuleLargeL1: acc=87.22% loss=0.7587
  RealCapsuleControlV2: acc=87.30% loss=0.7510
  RealCapsuleControlV2Norm: acc=87.67% loss=1.6042

Random affine scenario random_translate_scale sample 1
  RealCapsuleLargeL1: acc=93.81% loss=0.6048
  RealCapsuleControlV2: acc=94.55% loss=0.5792
  RealCapsuleControlV2Norm: acc=94.51% loss=1.5374

Random affine scenario random_translate_scale sample 2
  RealCapsuleLargeL1: acc=94.67% loss=0.5919
  RealCapsuleControlV2: acc=94.91% loss=0.5735
  RealCapsuleControlV2Norm: acc=94.95% loss=1.5349

Random affine scenario random_translate_scale sample 3
  RealCapsuleLargeL1: acc=94.32% loss=0.5975
  RealCapsuleControlV2: acc=94.49% loss=0.5793
  RealCapsuleControlV2Norm: acc=94.44% loss=1.5372

Random affine scenario random_translate_scale sample 4
  RealCapsuleLargeL1: acc=94.57% loss=0.5956
  RealCapsuleControlV2: acc=94.92% loss=0.5739
  RealCapsuleControlV2Norm: acc=94.78% loss=1.5353

Random affine scenario random_translate_scale sample 5
  RealCapsuleLargeL1: acc=94.12% loss=0.6029
  RealCapsuleControlV2: acc=94.30% loss=0.5854
  RealCapsuleControlV2Norm: acc=94.19% loss=1.5392

Random affine scenario random_affine_mild sample 1
  RealCapsuleLargeL1: acc=96.22% loss=0.5529
  RealCapsuleControlV2: acc=96.53% loss=0.5318
  RealCapsuleControlV2Norm: acc=96.47% loss=1.5174

Random affine scenario random_affine_mild sample 2
  RealCapsuleLargeL1: acc=96.26% loss=0.5527
  RealCapsuleControlV2: acc=96.33% loss=0.5354
  RealCapsuleControlV2Norm: acc=96.34% loss=1.5179

Random affine scenario random_affine_mild sample 3
  RealCapsuleLargeL1: acc=96.18% loss=0.5492
  RealCapsuleControlV2: acc=96.60% loss=0.5308
  RealCapsuleControlV2Norm: acc=96.52% loss=1.5165

Random affine scenario random_affine_mild sample 4
  RealCapsuleLargeL1: acc=96.53% loss=0.5472
  RealCapsuleControlV2: acc=96.67% loss=0.5298
  RealCapsuleControlV2Norm: acc=96.61% loss=1.5162

Random affine scenario random_affine_mild sample 5
  RealCapsuleLargeL1: acc=95.94% loss=0.5536
  RealCapsuleControlV2: acc=96.37% loss=0.5322
  RealCapsuleControlV2Norm: acc=96.42% loss=1.5172

Random affine scenario random_affine_strong sample 1
  RealCapsuleLargeL1: acc=76.61% loss=1.0187
  RealCapsuleControlV2: acc=77.25% loss=0.9905
  RealCapsuleControlV2Norm: acc=77.69% loss=1.7038

Random affine scenario random_affine_strong sample 2
  RealCapsuleLargeL1: acc=76.33% loss=1.0207
  RealCapsuleControlV2: acc=76.72% loss=0.9980
  RealCapsuleControlV2Norm: acc=77.05% loss=1.7070

Random affine scenario random_affine_strong sample 3
  RealCapsuleLargeL1: acc=75.75% loss=1.0256
  RealCapsuleControlV2: acc=77.04% loss=1.0018
  RealCapsuleControlV2Norm: acc=77.06% loss=1.7102

Random affine scenario random_affine_strong sample 4
  RealCapsuleLargeL1: acc=76.63% loss=1.0160
  RealCapsuleControlV2: acc=76.80% loss=0.9988
  RealCapsuleControlV2Norm: acc=77.18% loss=1.7065

Random affine scenario random_affine_strong sample 5
  RealCapsuleLargeL1: acc=76.70% loss=1.0132
  RealCapsuleControlV2: acc=76.58% loss=0.9998
  RealCapsuleControlV2Norm: acc=77.47% loss=1.7070

Random affine scenario heldout_affine_left_zoom sample 1
  RealCapsuleLargeL1: acc=37.95% loss=1.9182
  RealCapsuleControlV2: acc=38.75% loss=1.9041
  RealCapsuleControlV2Norm: acc=40.02% loss=2.0630

Random affine scenario heldout_affine_left_zoom sample 2
  RealCapsuleLargeL1: acc=38.47% loss=1.9082
  RealCapsuleControlV2: acc=39.42% loss=1.9012
  RealCapsuleControlV2Norm: acc=40.94% loss=2.0573

Random affine scenario heldout_affine_left_zoom sample 3
  RealCapsuleLargeL1: acc=38.84% loss=1.9033
  RealCapsuleControlV2: acc=39.92% loss=1.8881
  RealCapsuleControlV2Norm: acc=40.79% loss=2.0605

Random affine scenario heldout_affine_left_zoom sample 4
  RealCapsuleLargeL1: acc=37.66% loss=1.9233
  RealCapsuleControlV2: acc=39.12% loss=1.8969
  RealCapsuleControlV2Norm: acc=40.24% loss=2.0624

Random affine scenario heldout_affine_left_zoom sample 5
  RealCapsuleLargeL1: acc=38.80% loss=1.9064
  RealCapsuleControlV2: acc=40.16% loss=1.8908
  RealCapsuleControlV2Norm: acc=41.23% loss=2.0552

Random affine scenario heldout_affine_right_zoom sample 1
  RealCapsuleLargeL1: acc=45.94% loss=1.7228
  RealCapsuleControlV2: acc=48.82% loss=1.6620
  RealCapsuleControlV2Norm: acc=48.54% loss=1.9609

Random affine scenario heldout_affine_right_zoom sample 2
  RealCapsuleLargeL1: acc=46.02% loss=1.7287
  RealCapsuleControlV2: acc=49.05% loss=1.6488
  RealCapsuleControlV2Norm: acc=48.38% loss=1.9628

Random affine scenario heldout_affine_right_zoom sample 3
  RealCapsuleLargeL1: acc=46.89% loss=1.7195
  RealCapsuleControlV2: acc=49.23% loss=1.6495
  RealCapsuleControlV2Norm: acc=48.56% loss=1.9608

Random affine scenario heldout_affine_right_zoom sample 4
  RealCapsuleLargeL1: acc=46.11% loss=1.7306
  RealCapsuleControlV2: acc=48.66% loss=1.6714
  RealCapsuleControlV2Norm: acc=47.74% loss=1.9678

Random affine scenario heldout_affine_right_zoom sample 5
  RealCapsuleLargeL1: acc=45.65% loss=1.7332
  RealCapsuleControlV2: acc=49.32% loss=1.6553
  RealCapsuleControlV2Norm: acc=48.39% loss=1.9626
=== seed 777 done 2026-07-14T20:01:04-05:00 ===
=== TRAIN seed 2024 start 2026-07-14T20:01:04-05:00 ===
Device: cuda:0
GPU: NVIDIA GeForce RTX 5060 Ti
Seed: 2024
======================================================================

--- RealCapsuleLargeL1 ---
  Epoch 1/20 | train=80.2% | test=92.5% | loss=1.0679 | 19.5s
  Epoch 2/20 | train=94.4% | test=95.0% | loss=0.6507 | 19.6s
  Epoch 3/20 | train=96.9% | test=96.0% | loss=0.5748 | 19.7s
  Epoch 4/20 | train=98.1% | test=95.9% | loss=0.5378 | 19.6s
  Epoch 5/20 | train=99.0% | test=96.2% | loss=0.5100 | 19.6s
  Epoch 6/20 | train=99.4% | test=96.1% | loss=0.4913 | 19.7s
  Epoch 7/20 | train=99.6% | test=96.0% | loss=0.4803 | 19.8s
  Epoch 8/20 | train=99.8% | test=96.7% | loss=0.4706 | 20.5s
  Epoch 9/20 | train=99.8% | test=96.7% | loss=0.4642 | 20.5s
  Epoch 10/20 | train=99.9% | test=96.3% | loss=0.4592 | 20.5s
  Epoch 11/20 | train=99.9% | test=96.1% | loss=0.4575 | 20.7s
  Epoch 12/20 | train=99.9% | test=96.2% | loss=0.4574 | 20.1s
  Epoch 13/20 | train=99.9% | test=96.4% | loss=0.4514 | 20.1s
  Epoch 14/20 | train=99.8% | test=94.0% | loss=0.4594 | 19.6s
  Epoch 15/20 | train=99.8% | test=96.3% | loss=0.4691 | 20.1s
  Epoch 16/20 | train=100.0% | test=96.6% | loss=0.4464 | 20.6s
  Epoch 17/20 | train=100.0% | test=96.3% | loss=0.4432 | 20.0s
  Epoch 18/20 | train=100.0% | test=96.3% | loss=0.4417 | 20.4s
  Epoch 19/20 | train=100.0% | test=96.3% | loss=0.4413 | 20.2s
  Epoch 20/20 | train=99.5% | test=95.4% | loss=0.4714 | 20.3s

--- RealCapsuleControlV2 ---
  Epoch 1/20 | train=79.8% | test=91.5% | loss=1.1015 | 19.7s
  Epoch 2/20 | train=94.0% | test=94.8% | loss=0.6731 | 20.0s
  Epoch 3/20 | train=96.5% | test=95.4% | loss=0.5895 | 19.6s
  Epoch 4/20 | train=98.0% | test=96.1% | loss=0.5451 | 19.6s
  Epoch 5/20 | train=98.8% | test=96.5% | loss=0.5168 | 19.6s
  Epoch 6/20 | train=99.4% | test=96.5% | loss=0.4947 | 18.8s
  Epoch 7/20 | train=99.6% | test=96.6% | loss=0.4815 | 19.6s
  Epoch 8/20 | train=99.7% | test=96.7% | loss=0.4704 | 19.0s
  Epoch 9/20 | train=99.8% | test=96.8% | loss=0.4621 | 18.4s
  Epoch 10/20 | train=99.8% | test=96.7% | loss=0.4570 | 19.1s
  Epoch 11/20 | train=99.9% | test=96.8% | loss=0.4536 | 20.1s
  Epoch 12/20 | train=99.9% | test=96.6% | loss=0.4504 | 19.8s
  Epoch 13/20 | train=99.9% | test=96.0% | loss=0.4506 | 19.0s
  Epoch 14/20 | train=99.9% | test=96.3% | loss=0.4491 | 19.5s
  Epoch 15/20 | train=99.9% | test=96.6% | loss=0.4449 | 19.7s
  Epoch 16/20 | train=99.9% | test=95.9% | loss=0.4427 | 19.6s
  Epoch 17/20 | train=100.0% | test=96.4% | loss=0.4427 | 19.0s
  Epoch 18/20 | train=99.7% | test=94.6% | loss=0.4608 | 18.4s
  Epoch 19/20 | train=99.9% | test=96.7% | loss=0.4552 | 19.0s
  Epoch 20/20 | train=100.0% | test=96.7% | loss=0.4395 | 19.8s

--- RealCapsuleControlV2Norm ---
  Epoch 1/20 | train=76.9% | test=90.4% | loss=1.7828 | 20.0s
  Epoch 2/20 | train=92.9% | test=94.3% | loss=1.5783 | 20.4s
  Epoch 3/20 | train=95.7% | test=94.8% | loss=1.5417 | 20.1s
  Epoch 4/20 | train=97.1% | test=95.2% | loss=1.5225 | 21.0s
  Epoch 5/20 | train=98.1% | test=95.3% | loss=1.5098 | 21.0s
  Epoch 6/20 | train=98.7% | test=95.7% | loss=1.5005 | 20.5s
  Epoch 7/20 | train=99.1% | test=95.7% | loss=1.4935 | 20.9s
  Epoch 8/20 | train=99.3% | test=95.6% | loss=1.4884 | 19.5s
  Epoch 9/20 | train=99.5% | test=95.5% | loss=1.4846 | 20.4s
  Epoch 10/20 | train=99.6% | test=95.3% | loss=1.4814 | 19.9s
  Epoch 11/20 | train=99.6% | test=95.0% | loss=1.4794 | 18.9s
  Epoch 12/20 | train=99.7% | test=95.0% | loss=1.4780 | 19.0s
  Epoch 13/20 | train=99.7% | test=95.0% | loss=1.4767 | 19.7s
  Epoch 14/20 | train=99.7% | test=94.8% | loss=1.4762 | 19.9s
  Epoch 15/20 | train=99.7% | test=94.6% | loss=1.4758 | 19.7s
  Epoch 16/20 | train=99.7% | test=94.4% | loss=1.4749 | 20.6s
  Epoch 17/20 | train=99.7% | test=93.8% | loss=1.4742 | 20.7s
  Epoch 18/20 | train=99.7% | test=94.2% | loss=1.4750 | 20.8s
  Epoch 19/20 | train=99.8% | test=94.1% | loss=1.4713 | 20.8s
  Epoch 20/20 | train=99.8% | test=93.4% | loss=1.4712 | 20.3s

Results saved under results/complex_mnist_affine_aug_mild_controls_20ep_seed2024
=== EVAL seed 2024 start 2026-07-14T20:21:12-05:00 ===

Affine scenario clean
  RealCapsuleLargeL1: acc=98.53% loss=0.4911
  RealCapsuleControlV2: acc=98.87% loss=0.4795
  RealCapsuleControlV2Norm: acc=98.48% loss=1.4913

Affine scenario translate4
  RealCapsuleLargeL1: acc=95.00% loss=0.5873
  RealCapsuleControlV2: acc=95.20% loss=0.5845
  RealCapsuleControlV2Norm: acc=93.03% loss=1.5494

Affine scenario translate8
  RealCapsuleLargeL1: acc=17.50% loss=2.6392
  RealCapsuleControlV2: acc=14.96% loss=2.5914
  RealCapsuleControlV2Norm: acc=11.07% loss=2.3361

Affine scenario scale085
  RealCapsuleLargeL1: acc=97.50% loss=0.5219
  RealCapsuleControlV2: acc=97.51% loss=0.5151
  RealCapsuleControlV2Norm: acc=97.33% loss=1.5047

Affine scenario scale115
  RealCapsuleLargeL1: acc=98.11% loss=0.5055
  RealCapsuleControlV2: acc=98.52% loss=0.4935
  RealCapsuleControlV2Norm: acc=97.84% loss=1.4984

Affine scenario shear15
  RealCapsuleLargeL1: acc=98.15% loss=0.5024
  RealCapsuleControlV2: acc=98.43% loss=0.4918
  RealCapsuleControlV2Norm: acc=98.07% loss=1.4961

Affine scenario affine_moderate
  RealCapsuleLargeL1: acc=82.19% loss=0.8829
  RealCapsuleControlV2: acc=83.19% loss=0.8950
  RealCapsuleControlV2Norm: acc=81.22% loss=1.6576

Affine scenario affine_strong
  RealCapsuleLargeL1: acc=23.13% loss=2.3817
  RealCapsuleControlV2: acc=27.25% loss=2.2372
  RealCapsuleControlV2Norm: acc=27.22% loss=2.1596

Random affine scenario random_translate sample 1
  RealCapsuleLargeL1: acc=87.67% loss=0.7614
  RealCapsuleControlV2: acc=88.00% loss=0.7485
  RealCapsuleControlV2Norm: acc=84.72% loss=1.6212

Random affine scenario random_translate sample 2
  RealCapsuleLargeL1: acc=86.78% loss=0.7724
  RealCapsuleControlV2: acc=87.81% loss=0.7577
  RealCapsuleControlV2Norm: acc=84.47% loss=1.6244

Random affine scenario random_translate sample 3
  RealCapsuleLargeL1: acc=88.11% loss=0.7521
  RealCapsuleControlV2: acc=88.41% loss=0.7404
  RealCapsuleControlV2Norm: acc=85.05% loss=1.6163

Random affine scenario random_translate sample 4
  RealCapsuleLargeL1: acc=87.26% loss=0.7670
  RealCapsuleControlV2: acc=87.95% loss=0.7509
  RealCapsuleControlV2Norm: acc=84.72% loss=1.6230

Random affine scenario random_translate sample 5
  RealCapsuleLargeL1: acc=87.31% loss=0.7688
  RealCapsuleControlV2: acc=87.89% loss=0.7530
  RealCapsuleControlV2Norm: acc=84.70% loss=1.6203

Random affine scenario random_translate_scale sample 1
  RealCapsuleLargeL1: acc=94.22% loss=0.6007
  RealCapsuleControlV2: acc=94.87% loss=0.5899
  RealCapsuleControlV2Norm: acc=93.00% loss=1.5472

Random affine scenario random_translate_scale sample 2
  RealCapsuleLargeL1: acc=94.50% loss=0.5975
  RealCapsuleControlV2: acc=94.90% loss=0.5905
  RealCapsuleControlV2Norm: acc=92.88% loss=1.5488

Random affine scenario random_translate_scale sample 3
  RealCapsuleLargeL1: acc=94.59% loss=0.5949
  RealCapsuleControlV2: acc=95.11% loss=0.5824
  RealCapsuleControlV2Norm: acc=93.77% loss=1.5427

Random affine scenario random_translate_scale sample 4
  RealCapsuleLargeL1: acc=94.45% loss=0.5966
  RealCapsuleControlV2: acc=94.96% loss=0.5812
  RealCapsuleControlV2Norm: acc=93.28% loss=1.5460

Random affine scenario random_translate_scale sample 5
  RealCapsuleLargeL1: acc=94.35% loss=0.6013
  RealCapsuleControlV2: acc=94.90% loss=0.5870
  RealCapsuleControlV2Norm: acc=93.28% loss=1.5452

Random affine scenario random_affine_mild sample 1
  RealCapsuleLargeL1: acc=96.56% loss=0.5480
  RealCapsuleControlV2: acc=96.36% loss=0.5445
  RealCapsuleControlV2Norm: acc=95.45% loss=1.5235

Random affine scenario random_affine_mild sample 2
  RealCapsuleLargeL1: acc=96.18% loss=0.5542
  RealCapsuleControlV2: acc=96.35% loss=0.5461
  RealCapsuleControlV2Norm: acc=95.43% loss=1.5244

Random affine scenario random_affine_mild sample 3
  RealCapsuleLargeL1: acc=96.23% loss=0.5515
  RealCapsuleControlV2: acc=96.76% loss=0.5425
  RealCapsuleControlV2Norm: acc=95.69% loss=1.5230

Random affine scenario random_affine_mild sample 4
  RealCapsuleLargeL1: acc=96.19% loss=0.5541
  RealCapsuleControlV2: acc=96.69% loss=0.5439
  RealCapsuleControlV2Norm: acc=95.68% loss=1.5231

Random affine scenario random_affine_mild sample 5
  RealCapsuleLargeL1: acc=96.37% loss=0.5513
  RealCapsuleControlV2: acc=96.54% loss=0.5478
  RealCapsuleControlV2Norm: acc=95.63% loss=1.5227

Random affine scenario random_affine_strong sample 1
  RealCapsuleLargeL1: acc=76.92% loss=1.0142
  RealCapsuleControlV2: acc=77.21% loss=1.0139
  RealCapsuleControlV2Norm: acc=73.26% loss=1.7282

Random affine scenario random_affine_strong sample 2
  RealCapsuleLargeL1: acc=76.45% loss=1.0210
  RealCapsuleControlV2: acc=77.06% loss=1.0143
  RealCapsuleControlV2Norm: acc=73.00% loss=1.7300

Random affine scenario random_affine_strong sample 3
  RealCapsuleLargeL1: acc=77.28% loss=0.9990
  RealCapsuleControlV2: acc=77.77% loss=0.9960
  RealCapsuleControlV2Norm: acc=74.29% loss=1.7237

Random affine scenario random_affine_strong sample 4
  RealCapsuleLargeL1: acc=76.36% loss=1.0226
  RealCapsuleControlV2: acc=76.86% loss=1.0183
  RealCapsuleControlV2Norm: acc=72.78% loss=1.7321

Random affine scenario random_affine_strong sample 5
  RealCapsuleLargeL1: acc=77.07% loss=1.0117
  RealCapsuleControlV2: acc=77.61% loss=1.0011
  RealCapsuleControlV2Norm: acc=73.60% loss=1.7235

Random affine scenario heldout_affine_left_zoom sample 1
  RealCapsuleLargeL1: acc=40.65% loss=1.8723
  RealCapsuleControlV2: acc=41.44% loss=1.8545
  RealCapsuleControlV2Norm: acc=35.75% loss=2.0700

Random affine scenario heldout_affine_left_zoom sample 2
  RealCapsuleLargeL1: acc=40.61% loss=1.8778
  RealCapsuleControlV2: acc=41.45% loss=1.8575
  RealCapsuleControlV2Norm: acc=36.70% loss=2.0656

Random affine scenario heldout_affine_left_zoom sample 3
  RealCapsuleLargeL1: acc=41.57% loss=1.8506
  RealCapsuleControlV2: acc=42.20% loss=1.8227
  RealCapsuleControlV2Norm: acc=36.96% loss=2.0599

Random affine scenario heldout_affine_left_zoom sample 4
  RealCapsuleLargeL1: acc=41.18% loss=1.8581
  RealCapsuleControlV2: acc=41.48% loss=1.8425
  RealCapsuleControlV2Norm: acc=36.40% loss=2.0658

Random affine scenario heldout_affine_left_zoom sample 5
  RealCapsuleLargeL1: acc=41.73% loss=1.8578
  RealCapsuleControlV2: acc=42.35% loss=1.8333
  RealCapsuleControlV2Norm: acc=36.95% loss=2.0617

Random affine scenario heldout_affine_right_zoom sample 1
  RealCapsuleLargeL1: acc=44.84% loss=1.7451
  RealCapsuleControlV2: acc=45.26% loss=1.7524
  RealCapsuleControlV2Norm: acc=42.70% loss=1.9972

Random affine scenario heldout_affine_right_zoom sample 2
  RealCapsuleLargeL1: acc=45.27% loss=1.7480
  RealCapsuleControlV2: acc=45.35% loss=1.7611
  RealCapsuleControlV2Norm: acc=43.13% loss=1.9980

Random affine scenario heldout_affine_right_zoom sample 3
  RealCapsuleLargeL1: acc=45.99% loss=1.7361
  RealCapsuleControlV2: acc=45.63% loss=1.7404
  RealCapsuleControlV2Norm: acc=43.65% loss=1.9907

Random affine scenario heldout_affine_right_zoom sample 4
  RealCapsuleLargeL1: acc=45.29% loss=1.7434
  RealCapsuleControlV2: acc=45.38% loss=1.7487
  RealCapsuleControlV2Norm: acc=42.71% loss=1.9953

Random affine scenario heldout_affine_right_zoom sample 5
  RealCapsuleLargeL1: acc=45.75% loss=1.7378
  RealCapsuleControlV2: acc=45.76% loss=1.7352
  RealCapsuleControlV2Norm: acc=43.71% loss=1.9905
=== seed 2024 done 2026-07-14T20:22:52-05:00 ===
ALL DONE 2026-07-14T20:22:52-05:00
